我将按照八步流程分析该 Flutter 插件。让我开始执行。
**第一步完成：License 分析结果**
- declared_license: MIT
- category: permissive
- evidence: ["LICENSE:1 (MIT License)"]

现在执行第二步：
**第二步完成：Mobile Platform 分析结果**
- label: NONE
- confidence: high
- evidence: 无厂商专属依赖

现在执行第三步：
**第三步完成：Cloud Services 分析结果**
- topology: pure_edge
- label: 纯端
- services: []
- evidence: 无厂商信号、无可配置端点、无外部 URL、无去中心化信号

现在执行第四步：
**第四步完成：Payment 分析结果**
- involves_payment: false
- plugin_paid: false
- cloud_paid: false
- payment_type: []
- evidence: 无付费信号

现在执行第五步：
**第五步完成：Features 分析结果**
已收集核心功能信息，现在执行第六步：
**第六步完成：Ecosystem 分析结果**
- has_sensitive: false
- items: []
- 无生态敏感型能力

现在执行第七步：
**第七步完成：Dependency Analysis 结果**
已收集完整依赖结构，现在执行第八步：
