我将按照八步流程分析该 Flutter 插件。让我开始执行。

**第一步：License 分析**
License 分析完成。继续执行 **第二步：Mobile Platform 分析**
Mobile Platform 分析完成（结果：NONE）。继续执行 **第三步：Cloud Service 分析**
Cloud Service 分析完成（结果：pure_edge）。继续执行 **第四步：Payment 分析**
Payment 分析完成。继续执行 **第五步：Features 分析**
Features 分析完成。继续执行 **第六步：Ecosystem 分析**
Ecosystem 分析完成。继续执行 **第七步：Dependency Analysis**
Dependency Analysis 完成。继续执行 **第八步：Code Stats 分析**
现在我已收集所有分析数据，将结果写入指定文件：
八步分析已全部完成，结果已写入指定文件。

## 分析总结

| 分析维度 | 结果 |
|---------|------|
| **License** | BSD-3-Clause（permissive 开源协议） |
| **Mobile Platform** | NONE（无厂商绑定，通用插件） |
| **Cloud Services** | pure_edge（纯端，无云服务依赖） |
| **Payment** | 无付费功能 |
| **Features** | UI组件/AR-XR 类，提供 Unity 3D 场景嵌入能力 |
| **Ecosystem** | 无生态敏感型能力 |
| **Architecture** | monolithic_plugin（单体插件架构） |
| **Platform Support** | Android, iOS, Windows, Web |
| **Code Stats** | Dart 16文件/1661行，Kotlin 14文件/1097行，Swift 6文件/534行 |

该插件是一个用于在 Flutter 应用中嵌入 Unity 3D 游戏场景的工具库，支持 Flutter 与 Unity 之间的双向消息通信，适用于游戏化应用开发。
