我将按照八步流程分析该 Flutter 插件。首先加载并执行第一步的 license-check skill。
**第一步 License 分析完成：**
- declared_license: MIT
- category: permissive
- evidence: ["LICENSE:1 (MIT License)"]

现在执行第二步 mobile-platform-check：
**第二步 Mobile Platform 分析完成：**
- label: NONE
- confidence: high
- evidence: 没有发现任何厂商专属 SDK 依赖，使用的是海马云第三方云服务 SDK

现在执行第三步 cloud-service-check：
**第三步 Cloud Service 分析完成：**
- topology: centralized
- label: 端云协同中心化
- services: 海马云云游戏服务
- evidence: HaiMa SDK 依赖和 accessKeyId 初始化

现在执行第四步 payment-check：
**第四步 Payment 分析完成：**
- involves_payment: true
- plugin_paid: false（MIT 开源许可证）
- cloud_paid: true（海马云是付费云游戏服务）
- payment_type: ["paid_cloud_service"]

现在执行第五步 features-check：
**第五步 Features 分析完成。** 现在执行第六步 ecosystem-check：
**第六步 Ecosystem 分析完成：**
- has_sensitive: false
- items: []（不涉及任何生态敏感型能力）

现在执行第七步 dependency-analysis：
**第七步 Dependency Analysis 完成。** 现在执行第八步 code-stats-check：
现在我已经收集了所有八步分析的结果，让我生成最终的 JSON 文件：
